Unknown:
H:\Practica2ArrayEpicoCon250DefinitivoTaladros\Fase1\Result\farfield (f=4.9035)1D_1.ffp
H:\Practica2ArrayEpicoCon250DefinitivoTaladros\Fase1\Result\farfield (f=4.9035)_1.fme
H:\Practica2ArrayEpicoCon250DefinitivoTaladros\Fase1\Result\farfield (f=5)1D_1.ffp
H:\Practica2ArrayEpicoCon250DefinitivoTaladros\Fase1\Result\farfield (f=5)_1.fme
H:\Practica2ArrayEpicoCon250DefinitivoTaladros\Fase1\Result\farfield (f=5.1004)1D_1.ffp
H:\Practica2ArrayEpicoCon250DefinitivoTaladros\Fase1\Result\farfield (f=5.1004)_1.fme
H:\Practica2ArrayEpicoCon250DefinitivoTaladros\Fase1\Result\Farfield_mono_tmp.sig
H:\Practica2ArrayEpicoCon250DefinitivoTaladros\Fase1\Result\Hex.gap
H:\Practica2ArrayEpicoCon250DefinitivoTaladros\Fase1\Result\MCalc-Facets-1xN.log
H:\Practica2ArrayEpicoCon250DefinitivoTaladros\Fase1\Result\MCalc-Facets-PP.log
H:\Practica2ArrayEpicoCon250DefinitivoTaladros\Fase1\Result\MCalc-Facets.log
H:\Practica2ArrayEpicoCon250DefinitivoTaladros\Fase1\Result\MCalc.ddi
H:\Practica2ArrayEpicoCon250DefinitivoTaladros\Fase1\Result\MCalc.log
H:\Practica2ArrayEpicoCon250DefinitivoTaladros\Fase1\Result\ml_info.log
H:\Practica2ArrayEpicoCon250DefinitivoTaladros\Fase1\Result\Model.axg
H:\Practica2ArrayEpicoCon250DefinitivoTaladros\Fase1\Result\Model.coco
H:\Practica2ArrayEpicoCon250DefinitivoTaladros\Fase1\Result\Model.ddi
H:\Practica2ArrayEpicoCon250DefinitivoTaladros\Fase1\Result\Model.elg
H:\Practica2ArrayEpicoCon250DefinitivoTaladros\Fase1\Result\Model.log
H:\Practica2ArrayEpicoCon250DefinitivoTaladros\Fase1\Result\Model.sa
H:\Practica2ArrayEpicoCon250DefinitivoTaladros\Fase1\Result\Model.sam
H:\Practica2ArrayEpicoCon250DefinitivoTaladros\Fase1\Result\Model_m1.sam
H:\Practica2ArrayEpicoCon250DefinitivoTaladros\Fase1\Result\m^fifx.dsc
H:\Practica2ArrayEpicoCon250DefinitivoTaladros\Fase1\Result\m^fqq.dsc
H:\Practica2ArrayEpicoCon250DefinitivoTaladros\Fase1\Result\Ports.web
H:\Practica2ArrayEpicoCon250DefinitivoTaladros\Fase1\Result\Postprocessing.log
H:\Practica2ArrayEpicoCon250DefinitivoTaladros\Fase1\Result\p^a.dsc
H:\Practica2ArrayEpicoCon250DefinitivoTaladros\Fase1\Result\P^m^fb.slog
H:\Practica2ArrayEpicoCon250DefinitivoTaladros\Fase1\Result\P^m^fbqq.slog
H:\Practica2ArrayEpicoCon250DefinitivoTaladros\Fase1\Result\P^m^fqq.slog
H:\Practica2ArrayEpicoCon250DefinitivoTaladros\Fase1\Result\P^p^m.slog
H:\Practica2ArrayEpicoCon250DefinitivoTaladros\Fase1\Result\P^s^pm.slog
Mesh:
H:\Practica2ArrayEpicoCon250DefinitivoTaladros\Fase1\Result\dA.mat
H:\Practica2ArrayEpicoCon250DefinitivoTaladros\Fase1\Result\dad.mat
H:\Practica2ArrayEpicoCon250DefinitivoTaladros\Fase1\Result\ds.mat
H:\Practica2ArrayEpicoCon250DefinitivoTaladros\Fase1\Result\dsd.mat
H:\Practica2ArrayEpicoCon250DefinitivoTaladros\Fase1\Result\dsMCalc.mat
H:\Practica2ArrayEpicoCon250DefinitivoTaladros\Fase1\Result\Eps.mat
H:\Practica2ArrayEpicoCon250DefinitivoTaladros\Fase1\Result\HexMatrix.m2h
H:\Practica2ArrayEpicoCon250DefinitivoTaladros\Fase1\Result\HexMatrix_MCalc.m2h
H:\Practica2ArrayEpicoCon250DefinitivoTaladros\Fase1\Result\Kappa.mat
H:\Practica2ArrayEpicoCon250DefinitivoTaladros\Fase1\Result\MCalc.fmp
H:\Practica2ArrayEpicoCon250DefinitivoTaladros\Fase1\Result\MCalc.xcfd
H:\Practica2ArrayEpicoCon250DefinitivoTaladros\Fase1\Result\Meta.m2h
H:\Practica2ArrayEpicoCon250DefinitivoTaladros\Fase1\Result\Meta.mat
H:\Practica2ArrayEpicoCon250DefinitivoTaladros\Fase1\Result\Model.cct
H:\Practica2ArrayEpicoCon250DefinitivoTaladros\Fase1\Result\Model.fmf
H:\Practica2ArrayEpicoCon250DefinitivoTaladros\Fase1\Result\Model.fmm
H:\Practica2ArrayEpicoCon250DefinitivoTaladros\Fase1\Result\Model.fpc
H:\Practica2ArrayEpicoCon250DefinitivoTaladros\Fase1\Result\Model.fwf
H:\Practica2ArrayEpicoCon250DefinitivoTaladros\Fase1\Result\Model.sid
H:\Practica2ArrayEpicoCon250DefinitivoTaladros\Fase1\Result\Model.spi
H:\Practica2ArrayEpicoCon250DefinitivoTaladros\Fase1\Result\Model.xcfd
H:\Practica2ArrayEpicoCon250DefinitivoTaladros\Fase1\Result\Model^PEC.fpf
H:\Practica2ArrayEpicoCon250DefinitivoTaladros\Fase1\Result\Mue.mat
H:\Practica2ArrayEpicoCon250DefinitivoTaladros\Fase1\Result\m^fqq.mem
H:\Practica2ArrayEpicoCon250DefinitivoTaladros\Fase1\Result\p1.spi
H:\Practica2ArrayEpicoCon250DefinitivoTaladros\Fase1\Result\PEC.mat
H:\Practica2ArrayEpicoCon250DefinitivoTaladros\Fase1\Result\Port1.wgi
H:\Practica2ArrayEpicoCon250DefinitivoTaladros\Fase1\Result\p^a.mem
H:\Practica2ArrayEpicoCon250DefinitivoTaladros\Fase1\Result\p^m.mem
H:\Practica2ArrayEpicoCon250DefinitivoTaladros\Fase1\Result\S2HMatrix.m2h
H:\Practica2ArrayEpicoCon250DefinitivoTaladros\Fase1\Result\Shapes.con
H:\Practica2ArrayEpicoCon250DefinitivoTaladros\Fase1\Result\s^pm.mem
Port:
H:\Practica2ArrayEpicoCon250DefinitivoTaladros\Fase1\Result\adapt_Port1_e1.prt
H:\Practica2ArrayEpicoCon250DefinitivoTaladros\Fase1\Result\adapt_Port1_e1[5].prt
H:\Practica2ArrayEpicoCon250DefinitivoTaladros\Fase1\Result\adapt_Port1_h1.prt
H:\Practica2ArrayEpicoCon250DefinitivoTaladros\Fase1\Result\adapt_Port1_h1[5].prt
H:\Practica2ArrayEpicoCon250DefinitivoTaladros\Fase1\Result\Model.pmi
H:\Practica2ArrayEpicoCon250DefinitivoTaladros\Fase1\Result\Port1_1[5].m2d
H:\Practica2ArrayEpicoCon250DefinitivoTaladros\Fase1\Result\Port1_drv.m2d
H:\Practica2ArrayEpicoCon250DefinitivoTaladros\Fase1\Result\Port1_e1.prt
H:\Practica2ArrayEpicoCon250DefinitivoTaladros\Fase1\Result\Port1_e1[5].prt
H:\Practica2ArrayEpicoCon250DefinitivoTaladros\Fase1\Result\Port1_h1.prt
H:\Practica2ArrayEpicoCon250DefinitivoTaladros\Fase1\Result\Port1_h1[5].prt
