04/Apr/2022 11:51:15  Build version: 2020.7 Release from 2020-07-10 (change 797020)

04/Apr/2022 11:51:15  Starting adaptive port meshing.
                      
                      ------------------------------------------------------------------------------
04/Apr/2022 11:51:15  Mode calculation for port 1:
                      
                      ------------------------------------------------------------------------------

                      ------------------------------------------------------------------------------

                      ------------------------------------------------------------------------------
04/Apr/2022 11:51:18  Using generalized port mode solver.
                      
                      ------------------------------------------------------------------------------
04/Apr/2022 11:51:18  Port mode solver: Detected dispersive material(s) at port 1. 
                      Using a constant approximation of dispersive material(s) at 5 GHz and neglecting loss terms.  More...
                      
                      ------------------------------------------------------------------------------
04/Apr/2022 11:51:18    --------------------------------- F-Calc 5 ---------------------------------
                        Port   Mode   Type        Z-Wave        Z-Wave-Sigma  Z-Line        F-Cutoff
                        1      1      QTEM        254           0             48.2          ---
                        ----------------------------------------------------------------------------
                      
04/Apr/2022 11:51:19  Pass 1 successfully completed. 

                      ------------------------------------------------------------------------------

                      ------------------------------------------------------------------------------
04/Apr/2022 11:51:23    --------------------------------- F-Calc 5 ---------------------------------
                        Port   Mode   Type        Z-Wave        Z-Wave-Sigma  Z-Line        F-Cutoff
                        1      1      QTEM        245           0             48.8          ---
                        ----------------------------------------------------------------------------
                      
04/Apr/2022 11:51:24  Pass 2 successfully completed. Delta (Line Imp.): 1.27%

                      ------------------------------------------------------------------------------

                      ------------------------------------------------------------------------------
04/Apr/2022 11:51:29    --------------------------------- F-Calc 5 ---------------------------------
                        Port   Mode   Type        Z-Wave        Z-Wave-Sigma  Z-Line        F-Cutoff
                        1      1      QTEM        224           0             49            ---
                        ----------------------------------------------------------------------------
                      
04/Apr/2022 11:51:30  Pass 3 successfully completed. Delta (Line Imp.): 0.27%

                      ------------------------------------------------------------------------------

                      ------------------------------------------------------------------------------
04/Apr/2022 11:51:37  *** Warning ***
                      
04/Apr/2022 11:51:37  15 mesh edges are partially filled with PEC.
                       More...
                      
                      ------------------------------------------------------------------------------
04/Apr/2022 11:51:38    --------------------------------- F-Calc 5 ---------------------------------
                        Port   Mode   Type        Z-Wave        Z-Wave-Sigma  Z-Line        F-Cutoff
                        1      1      QTEM        176           0             49            ---
                        ----------------------------------------------------------------------------
                      
04/Apr/2022 11:51:39  Pass 4 successfully completed. Delta (Line Imp.): 0.03%
04/Apr/2022 11:51:40  Adaptive port meshing finished. 
                      
                      ------------------------------------------------------------------------------
04/Apr/2022 11:51:40  *** Warning ***
                      
                      This software is licensed for educational purposes only.
                      
                      ------------------------------------------------------------------------------
04/Apr/2022 11:51:40  The following farfield monitor(s) have been adjusted to model box [-87.5735,
                      20.95, -130.541, 120.541, 0, 9.61292].
                        farfield (f=4.9035), farfield (f=5), farfield (f=5.1004). More...
                      
                      ------------------------------------------------------------------------------
04/Apr/2022 11:51:41  
                      Solver started at: 11:51 AM Monday, 04. April 2022 (Hora de verano romance)
                      
                        Module:  Time Domain: S-Parameter (Win 64)
                        Version: 2020.7 Release from 2020-07-10 (change 797020)
                      

                      ------------------------------------------------------------------------------

                      ------------------------------------------------------------------------------
04/Apr/2022 11:51:41  ======================================================================
                       Solver cycle: 1
                      ======================================================================
                      
                      Stimulation at port 1 (mode 1) 
                      
                      
                      
                      ------------------------------------------------------------------------------
04/Apr/2022 11:51:41  Units settings: 
                      
                        Dimensions: mm
                        Frequency:  GHz
                        Time:       ns
                      
                      ------------------------------------------------------------------------------
04/Apr/2022 11:52:42  Mesh statistics:
                      
                         Hexahedral mesh type: PBA [Version: default]
                      
                         Parallelization type: domain decomposition
                            Number of parallel working threads: 4
                            Number of calculation domains used: 8
                      
                         Used point accuracy enhancement value: 41.00%.
                         Used point accuracy enhancement value: 0.00%.
                         PBA fill limit: 86.68% (inverse)

04/Apr/2022 11:52:44  Using generalized port mode solver.
                      
                      ------------------------------------------------------------------------------
04/Apr/2022 11:52:45  Port mode solver: Detected dispersive material(s) at port 1. 
                      Using a constant approximation of dispersive material(s) at 5 GHz and neglecting loss terms.  More...
                      
                      ------------------------------------------------------------------------------
04/Apr/2022 11:52:45  Boundary conditions: 
                      
                        YZsymmetry: none
                        XZsymmetry: none
                        XYsymmetry: none
                      
                        Xmin: expanded open, 4 Layer, depth 11.9917 mm
                        Xmax: expanded open, 4 Layer, depth 10.9852 mm
                      
                        Ymin: expanded open, 4 Layer, depth 10.9852 mm
                        Ymax: expanded open, 4 Layer, depth 10.9852 mm
                      
                        Zmin: electric
                        Zmax: expanded open, 4 Layer, depth 11.9917 mm
                      
                        PML-Type: Convolution PML
                      
                      ------------------------------------------------------------------------------
04/Apr/2022 11:52:45  Frequency settings: 
                      
                        Fmin:         4
                        Fmax:         6
                        Nfsteps(lin): 1001
                      
                      ------------------------------------------------------------------------------
04/Apr/2022 11:52:45  Field update statistics:
                      
                        Number of components in total: 	4218125
                        Number of TST elements:		708
                        Number of disp. elements:		395222
                      
                      Subcycling state:      Automatically deactivated
                      
                      ------------------------------------------------------------------------------
04/Apr/2022 11:52:45  Waveguide boundaries:
                      
04/Apr/2022 11:52:45  Port: 1
                      
04/Apr/2022 11:52:46    --------------------------------- F-Calc 5 ---------------------------------
                        Port   Mode   Type        Z-Wave        Z-Wave-Sigma  Z-Line        F-Cutoff
                        1      1      QTEM        254           0             49            ---
                        ----------------------------------------------------------------------------
                      
04/Apr/2022 11:56:24  
                      --------------------------------------------------------------------------------
04/Apr/2022 11:56:24  Steady state energy criterion met, solver finished successfully.
                      
                      ------------------------------------------------------------------------------
04/Apr/2022 11:56:24  Frequency domain results normalized to default signal.
                      
                      
                      ------------------------------------------------------------------------------
04/Apr/2022 11:56:24  
                        ----------------------------------------------------------------------------
                                            Peak memory used (kB)         Free physical memory (kB) 
                                                                          At begin     Minimum      
                        ----------------------------------------------------------------------------
                        CAD preparation     18808                         12708172     12708172     
                        Matrices calc.      831054                        12699218     11911132     
                        Solver run total    223736                        12731436     11979416     
                        ----------------------------------------------------------------------------
                      
                      --------------------------------------------------------------------------------
                      Solver Statistics:
                      
                        Hardware:
                           Computer name:                 	c0091-5-23-5 
                      
                           Number of CPU threads:               4
                           Hardware info:                  	Hardware Accelerator Device not activated
                      
                        Number of mesh cells:             	673816
                        Excitation duration:              	3.55454875e+000 ns 
                        Calculation time for excitation:  	67 	s
                        Number of calculated pulse widths:	3.18944 
                        Steady state accuracy limit:      	-40	dB 
                        Simulated number of time steps:   	23165 
                        Maximum number of time steps:     	145260 
                        Time step width:
                           without subcycles:             	4.89402351e-004 ns
                           used:                          	4.89402351e-004 ns
                      
                        CAD preparation time:             	1      	s
                        Matrix calculation time:          	61 	s
                        Solver setup time:                	4 	s
                        Solver loop time:                 	215 	s
                        Solver post processing time:      	1 	s
                                                          	------------
                        Total solver time:                	282 	s  ( = 0 h, 4 m, 42 s )
                      
                      ------------------------------------------------------------------------------
04/Apr/2022 11:56:25  
                        Adaptive port meshing time:          	29     	s
                        Total solver time (all cycles):      	282    	s  ( = 0 h, 4 m, 42 s )
                        solver initialization and clean-up:  	1      	s
                                                             	------------
                        Total simulation time:               	312    	s  ( = 0 h, 5 m, 12 s )
                      
                      ------------------------------------------------------------------------------
04/Apr/2022 11:56:25  Solver finished at: 11:56 AM Monday, 04. April 2022
                      
                      
                      
                      ------------------------------------------------------------------------------
04/Apr/2022 11:56:31  Creating parametric 1D results for Run ID 1
                      
                      ------------------------------------------------------------------------------
22/Apr/2022 09:34:39  Defined reference frequency for open boundary condition (5 GHz) is larger than
                      the lowest relevant system frequency (monitor at 4.8 GHz).
                      Please check open boundary settings to ensure accurate monitor results for the
                      lowest frequency of interest.
                      
                      ------------------------------------------------------------------------------
22/Apr/2022 09:34:40  Line impedance adaptation results found. Adaptive port meshing skipped.
                      
                      ------------------------------------------------------------------------------
22/Apr/2022 09:34:40  *** Warning ***
                      
                      This software is licensed for educational purposes only.
                      
                      ------------------------------------------------------------------------------
22/Apr/2022 09:34:40  The following farfield monitor(s) have been adjusted to model box [-87.5735,
                      20.95, -130.541, 120.541, 0, 9.61292].
                        farfield (f=4.8), farfield (f=4.9035), farfield (f=5), farfield (f=5.1004),
                      farfield (f=5.2). More...
                      
                      ------------------------------------------------------------------------------
22/Apr/2022 09:34:43  
                      Solver started at: 09:34 AM Friday, 22. April 2022 (Hora de verano romance)
                      
                        Module:  Time Domain: S-Parameter (Win 64)
                        Version: 2020.7 Release from 2020-07-10 (change 797020)
                      

                      ------------------------------------------------------------------------------

                      ------------------------------------------------------------------------------
22/Apr/2022 09:34:43  ======================================================================
                       Solver cycle: 1
                      ======================================================================
                      
                      Stimulation at port 1 (mode 1) 
                      
                      
                      
                      ------------------------------------------------------------------------------
22/Apr/2022 09:34:43  Units settings: 
                      
                        Dimensions: mm
                        Frequency:  GHz
                        Time:       ns
                      
                      ------------------------------------------------------------------------------
22/Apr/2022 09:34:46  Using generalized port mode solver.
                      
                      ------------------------------------------------------------------------------
22/Apr/2022 09:34:47  Port mode solver: Detected dispersive material(s) at port 1. 
                      Using a constant approximation of dispersive material(s) at 5 GHz and neglecting loss terms.  More...
                      
                      ------------------------------------------------------------------------------
22/Apr/2022 09:34:47  Boundary conditions: 
                      
                        YZsymmetry: none
                        XZsymmetry: none
                        XYsymmetry: none
                      
                        Xmin: expanded open, 4 Layer, depth 11.9917 mm
                        Xmax: expanded open, 4 Layer, depth 10.9852 mm
                      
                        Ymin: expanded open, 4 Layer, depth 10.9852 mm
                        Ymax: expanded open, 4 Layer, depth 10.9852 mm
                      
                        Zmin: electric
                        Zmax: expanded open, 4 Layer, depth 11.9917 mm
                      
                        PML-Type: Convolution PML
                      
                      ------------------------------------------------------------------------------
22/Apr/2022 09:34:47  Frequency settings: 
                      
                        Fmin:         4
                        Fmax:         6
                        Nfsteps(lin): 1001
                      
                      ------------------------------------------------------------------------------
22/Apr/2022 09:34:47  Field update statistics:
                      
                        Number of components in total: 	4218125
                        Number of TST elements:		708
                        Number of disp. elements:		395222
                      
                      Subcycling state:      Automatically deactivated
                      
                      ------------------------------------------------------------------------------
22/Apr/2022 09:34:47  Waveguide boundaries:
                      
22/Apr/2022 09:34:47  Port: 1
                      
22/Apr/2022 09:34:47  Reloaded mode(s) for port 1.
                      
                      ------------------------------------------------------------------------------
22/Apr/2022 09:38:56  
                      --------------------------------------------------------------------------------
22/Apr/2022 09:38:56  Steady state energy criterion met, solver finished successfully.
                      
                      ------------------------------------------------------------------------------
22/Apr/2022 09:38:56  Frequency domain results normalized to default signal.
                      
                      
                      ------------------------------------------------------------------------------
22/Apr/2022 09:38:56  
                        ----------------------------------------------------------------------------
                                            Peak memory used (kB)         Free physical memory (kB) 
                                                                          At begin     Minimum      
                        ----------------------------------------------------------------------------
                        CAD preparation     18808                         12708172     12708172     
                        Matrices calc.      831054                        12699218     11911132     
                        Solver run total    215180                        12688436     12468012     
                        ----------------------------------------------------------------------------
                      
                      --------------------------------------------------------------------------------
                      Solver Statistics:
                      
                        Hardware:
                           Computer name:                 	c0091-5-23-5 
                      
                           Number of CPU threads:               4
                           Hardware info:                  	Hardware Accelerator Device not activated
                      
                        Number of mesh cells:             	673816
                        Excitation duration:              	3.55454875e+000 ns 
                        Calculation time for excitation:  	76 	s
                        Number of calculated pulse widths:	3.18944 
                        Steady state accuracy limit:      	-40	dB 
                        Simulated number of time steps:   	23165 
                        Maximum number of time steps:     	145260 
                        Time step width:
                           without subcycles:             	4.89402351e-004 ns
                           used:                          	4.89402351e-004 ns
                      
                        Reloading matrices:               	1 	s
                        Solver setup time:                	5 	s
                        Solver loop time:                 	243 	s
                        Solver post processing time:      	2 	s
                                                          	------------
                        Total solver time:                	251 	s  ( = 0 h, 4 m, 11 s )
                      
                      ------------------------------------------------------------------------------
22/Apr/2022 09:38:57  
                        Adaptive port meshing time:          	0      	s
                        Total solver time (all cycles):      	251    	s  ( = 0 h, 4 m, 11 s )
                        solver initialization and clean-up:  	3      	s
                                                             	------------
                        Total simulation time:               	254    	s  ( = 0 h, 4 m, 14 s )
                      
                      ------------------------------------------------------------------------------
22/Apr/2022 09:38:57  Solver finished at: 09:38 AM Friday, 22. April 2022
                      
                      
                      
                      ------------------------------------------------------------------------------
22/Apr/2022 09:39:07  Creating parametric 1D results for Run ID 1
                      
                      ------------------------------------------------------------------------------
